This is pdfTeX, Version 3.1415926-2.5-1.40.14 (MiKTeX 2.9) (preloaded format=pdftex 2017.5.2)  2 MAY 2017 18:04
entering extended mode
**C:/Users/andre/Desktop/Modelo*Latex*UTFPR/Referencias/reflatex.bib
("C:/Users/andre/Desktop/Modelo Latex UTFPR/Referencias/reflatex.bib"
! Missing $ inserted.
<inserted text> 
                $
<to be read again> 
                   _
l.94 @Book{Jan_
               J.,
? 
! Emergency stop.
<inserted text> 
                $
<to be read again> 
                   _
l.94 @Book{Jan_
               J.,
End of file on the terminal!

!  ==> Fatal error occurred, no output PDF file produced!
